<?xml version="1.0" encoding="UTF-8"?>
<!-- Generated by org.testng.reporters.JUnitXMLReporter -->
<testsuite ignored="0" hostname="DESKTOP-6RF1UHU" failures="2" tests="9" name="packagelevel" time="5.649" errors="0" timestamp="2024-02-20T16:16:01 IST">
  <testcase classname="practice.Demo_Search" name="SearchWithValidProductName" time="0.016">
    <failure type="java.lang.AssertionError" message="expected [true] but found [false]">
      <![CDATA[java.lang.AssertionError: expected [true] but found [false]
at practice.Demo_Search.SearchWithValidProductName(Demo_Search.java:10)
at java.base/java.util.ArrayList.forEach(ArrayList.java:1511)
... Removed 31 stack frames]]>
    </failure>
  </testcase> <!-- SearchWithValidProductName -->
  <testcase classname="practice.Login" name="loginWithValidCredentials" time="0.875"/>
  <testcase classname="practice.Demo_Register" name="registerWithAllfields" time="0.002">
    <failure type="java.lang.AssertionError" message="expected [true] but found [false]">
      <![CDATA[java.lang.AssertionError: expected [true] but found [false]
at practice.Demo_Register.registerWithAllfields(Demo_Register.java:17)
at java.base/java.util.ArrayList.forEach(ArrayList.java:1511)
... Removed 31 stack frames]]>
    </failure>
  </testcase> <!-- registerWithAllfields -->
  <testcase classname="practice.Login" name="loginWithInValidCredentials" time="0.919"/>
  <testcase classname="practice.Demo_Register" name="registerWithOnlyMandatoryFields" time="0.0"/>
  <testcase classname="practice.Demo_Search" name="SearchWithBlankValue" time="0.002"/>
  <testcase classname="practice.Demo_Search" name="SearchWithInvalidProductName" time="0.001"/>
  <testcase classname="practice.Demo_Register" name="registerWithOnlyBlankFields" time="0.002"/>
  <testcase classname="practice.Demo_Register" name="registerWithInvalidEmail" time="0.007"/>
</testsuite> <!-- packagelevel -->
