<?xml version="1.0" encoding="UTF-8"?>
<!-- Generated by org.testng.reporters.JUnitXMLReporter -->
<testsuite ignored="2" hostname="DESKTOP-6RF1UHU" failures="0" tests="1" name="TestSearch" time="0.007" errors="0" timestamp="2024-02-19T12:41:59 IST">
  <testcase classname="practice.Demo_Search" name="SearchWithBlankValue" time="0.002"/>
  <testcase classname="practice.Demo_Search" name="SearchWithValidProductName" time="0.0">
    <ignored/>
  </testcase> <!-- SearchWithValidProductName -->
  <testcase classname="practice.Demo_Search" name="SearchWithInvalidProductName" time="0.0">
    <ignored/>
  </testcase> <!-- SearchWithInvalidProductName -->
</testsuite> <!-- TestSearch -->
