<?xml version="1.0" encoding="UTF-8"?>
<!-- Generated by org.testng.reporters.JUnitXMLReporter -->
<testsuite ignored="7" hostname="DESKTOP-6RF1UHU" failures="0" tests="0" time="0.011" errors="0" timestamp="2024-02-18T18:08:58 IST">
  <testcase classname="ignore.Demo_Search" name="SearchWithInvalidProductName" time="0.0">
    <ignored/>
  </testcase> <!-- SearchWithInvalidProductName -->
  <testcase classname="ignore.Demo_Register" name="registerWithOnlyBlankFields" time="0.0">
    <ignored/>
  </testcase> <!-- registerWithOnlyBlankFields -->
  <testcase classname="ignore.Demo_Search" name="SearchWithBlankValue" time="0.0">
    <ignored/>
  </testcase> <!-- SearchWithBlankValue -->
  <testcase classname="ignore.Demo_Register" name="registerWithOnlyMandatoryFields" time="0.0">
    <ignored/>
  </testcase> <!-- registerWithOnlyMandatoryFields -->
  <testcase classname="ignore.Demo_Register" name="registerWithInvalidEmail" time="0.0">
    <ignored/>
  </testcase> <!-- registerWithInvalidEmail -->
  <testcase classname="ignore.Demo_Search" name="SearchWithValidProductName" time="0.0">
    <ignored/>
  </testcase> <!-- SearchWithValidProductName -->
  <testcase classname="ignore.Demo_Register" name="registerWithAllfields" time="0.0">
    <ignored/>
  </testcase> <!-- registerWithAllfields -->
</testsuite>
